{
"contracts\\DEX.sol":{"l":{"21":81,"22":81,"26":28,"27":27,"28":24,"30":3,"32":27,"33":27,"34":27,"35":27,"36":27,"37":27,"38":27,"39":27,"43":6,"44":4,"45":4,"46":4,"47":4,"48":4,"49":4,"50":4,"51":4,"52":4,"56":12,"57":11,"58":11,"59":11,"60":11,"61":11,"62":11,"66":1,"67":1,"68":1,"69":1,"70":1,"71":1,"72":1,"76":13,"77":13,"78":13,"79":13,"83":3,"84":2,"88":5},"path":"C:\\Users\\sushmita_dasari\\OneDrive\\Desktop\\dex-amm\\contracts\\DEX.sol","s":{"1":28,"2":27,"3":27,"4":27,"5":27,"6":27,"7":6,"8":4,"9":4,"10":4,"11":12,"12":11,"13":11,"14":11,"15":1,"16":1,"17":1,"18":1,"19":13,"20":13,"21":13,"22":13,"23":3,"24":2,"25":5},"b":{"1":[28,0],"2":[27,1],"3":[24,3],"4":[27,0],"5":[6,0],"6":[4,2],"7":[12,0],"8":[11,1],"9":[1,0],"10":[1,0],"11":[2,1]},"f":{"1":81,"2":28,"3":6,"4":12,"5":1,"6":13,"7":3,"8":5},"fnMap":{"1":{"name":"constructor","line":20,"loc":{"start":{"line":20,"column":4},"end":{"line":23,"column":4}}},"2":{"name":"addLiquidity","line":25,"loc":{"start":{"line":25,"column":4},"end":{"line":40,"column":4}}},"3":{"name":"removeLiquidity","line":42,"loc":{"start":{"line":42,"column":4},"end":{"line":53,"column":4}}},"4":{"name":"swapAForB","line":55,"loc":{"start":{"line":55,"column":4},"end":{"line":63,"column":4}}},"5":{"name":"swapBForA","line":65,"loc":{"start":{"line":65,"column":4},"end":{"line":73,"column":4}}},"6":{"name":"getAmountOut","line":75,"loc":{"start":{"line":75,"column":4},"end":{"line":80,"column":4}}},"7":{"name":"getPrice","line":82,"loc":{"start":{"line":82,"column":4},"end":{"line":85,"column":4}}},"8":{"name":"getReserves","line":87,"loc":{"start":{"line":87,"column":4},"end":{"line":89,"column":4}}}},"statementMap":{"1":{"start":{"line":26,"column":8},"end":{"line":26,"column":58}},"2":{"start":{"line":27,"column":8},"end":{"line":27,"column":1151}},"3":{"start":{"line":32,"column":8},"end":{"line":32,"column":61}},"4":{"start":{"line":33,"column":8},"end":{"line":33,"column":70}},"5":{"start":{"line":34,"column":8},"end":{"line":34,"column":70}},"6":{"start":{"line":39,"column":8},"end":{"line":39,"column":74}},"7":{"start":{"line":43,"column":8},"end":{"line":43,"column":97}},"8":{"start":{"line":50,"column":8},"end":{"line":50,"column":51}},"9":{"start":{"line":51,"column":8},"end":{"line":51,"column":51}},"10":{"start":{"line":52,"column":8},"end":{"line":52,"column":76}},"11":{"start":{"line":56,"column":8},"end":{"line":56,"column":44}},"12":{"start":{"line":58,"column":8},"end":{"line":58,"column":72}},"13":{"start":{"line":59,"column":8},"end":{"line":59,"column":54}},"14":{"start":{"line":62,"column":8},"end":{"line":62,"column":68}},"15":{"start":{"line":66,"column":8},"end":{"line":66,"column":44}},"16":{"start":{"line":68,"column":8},"end":{"line":68,"column":72}},"17":{"start":{"line":69,"column":8},"end":{"line":69,"column":54}},"18":{"start":{"line":72,"column":8},"end":{"line":72,"column":68}},"19":{"start":{"line":76,"column":8},"end":{"line":76,"column":48}},"20":{"start":{"line":77,"column":8},"end":{"line":77,"column":56}},"21":{"start":{"line":78,"column":8},"end":{"line":78,"column":66}},"22":{"start":{"line":79,"column":8},"end":{"line":79,"column":38}},"23":{"start":{"line":83,"column":8},"end":{"line":83,"column":45}},"24":{"start":{"line":84,"column":8},"end":{"line":84,"column":43}},"25":{"start":{"line":88,"column":8},"end":{"line":88,"column":35}}},"branchMap":{"1":{"line":25,"type":"if","locations":[{"start":{"line":25,"column":69},"end":{"line":25,"column":69}},{"start":{"line":25,"column":69},"end":{"line":25,"column":69}}]},"2":{"line":26,"type":"if","locations":[{"start":{"line":26,"column":8},"end":{"line":26,"column":8}},{"start":{"line":26,"column":8},"end":{"line":26,"column":8}}]},"3":{"line":27,"type":"if","locations":[{"start":{"line":27,"column":8},"end":{"line":27,"column":8}},{"start":{"line":27,"column":8},"end":{"line":27,"column":8}}]},"4":{"line":32,"type":"if","locations":[{"start":{"line":32,"column":8},"end":{"line":32,"column":8}},{"start":{"line":32,"column":8},"end":{"line":32,"column":8}}]},"5":{"line":42,"type":"if","locations":[{"start":{"line":42,"column":63},"end":{"line":42,"column":63}},{"start":{"line":42,"column":63},"end":{"line":42,"column":63}}]},"6":{"line":43,"type":"if","locations":[{"start":{"line":43,"column":8},"end":{"line":43,"column":8}},{"start":{"line":43,"column":8},"end":{"line":43,"column":8}}]},"7":{"line":55,"type":"if","locations":[{"start":{"line":55,"column":51},"end":{"line":55,"column":51}},{"start":{"line":55,"column":51},"end":{"line":55,"column":51}}]},"8":{"line":56,"type":"if","locations":[{"start":{"line":56,"column":8},"end":{"line":56,"column":8}},{"start":{"line":56,"column":8},"end":{"line":56,"column":8}}]},"9":{"line":65,"type":"if","locations":[{"start":{"line":65,"column":51},"end":{"line":65,"column":51}},{"start":{"line":65,"column":51},"end":{"line":65,"column":51}}]},"10":{"line":66,"type":"if","locations":[{"start":{"line":66,"column":8},"end":{"line":66,"column":8}},{"start":{"line":66,"column":8},"end":{"line":66,"column":8}}]},"11":{"line":83,"type":"if","locations":[{"start":{"line":83,"column":8},"end":{"line":83,"column":8}},{"start":{"line":83,"column":8},"end":{"line":83,"column":8}}]}}},
"contracts\\MockERC20.sol":{"l":{"8":162,"12":56},"path":"C:\\Users\\sushmita_dasari\\OneDrive\\Desktop\\dex-amm\\contracts\\MockERC20.sol","s":{"1":162,"2":56},"b":{},"f":{"1":162,"2":56},"fnMap":{"1":{"name":"constructor","line":7,"loc":{"start":{"line":7,"column":4},"end":{"line":9,"column":4}}},"2":{"name":"mint","line":11,"loc":{"start":{"line":11,"column":4},"end":{"line":13,"column":4}}}},"statementMap":{"1":{"start":{"line":8,"column":8},"end":{"line":8,"column":42}},"2":{"start":{"line":12,"column":8},"end":{"line":12,"column":24}}},"branchMap":{}}}
