TN:
SF:C:\Users\sushmita_dasari\OneDrive\Desktop\dex-amm\contracts\DEX.sol
FN:20,constructor
FN:25,addLiquidity
FN:42,removeLiquidity
FN:55,swapAForB
FN:65,swapBForA
FN:75,getAmountOut
FN:82,getPrice
FN:87,getReserves
FNF:8
FNH:8
FNDA:81,constructor
FNDA:28,addLiquidity
FNDA:6,removeLiquidity
FNDA:12,swapAForB
FNDA:1,swapBForA
FNDA:13,getAmountOut
FNDA:3,getPrice
FNDA:5,getReserves
DA:21,81
DA:22,81
DA:26,28
DA:27,27
DA:28,24
DA:30,3
DA:32,27
DA:33,27
DA:34,27
DA:35,27
DA:36,27
DA:37,27
DA:38,27
DA:39,27
DA:43,6
DA:44,4
DA:45,4
DA:46,4
DA:47,4
DA:48,4
DA:49,4
DA:50,4
DA:51,4
DA:52,4
DA:56,12
DA:57,11
DA:58,11
DA:59,11
DA:60,11
DA:61,11
DA:62,11
DA:66,1
DA:67,1
DA:68,1
DA:69,1
DA:70,1
DA:71,1
DA:72,1
DA:76,13
DA:77,13
DA:78,13
DA:79,13
DA:83,3
DA:84,2
DA:88,5
LF:45
LH:45
BRDA:25,1,0,28
BRDA:25,1,1,0
BRDA:26,2,0,27
BRDA:26,2,1,1
BRDA:27,3,0,24
BRDA:27,3,1,3
BRDA:32,4,0,27
BRDA:32,4,1,0
BRDA:42,5,0,6
BRDA:42,5,1,0
BRDA:43,6,0,4
BRDA:43,6,1,2
BRDA:55,7,0,12
BRDA:55,7,1,0
BRDA:56,8,0,11
BRDA:56,8,1,1
BRDA:65,9,0,1
BRDA:65,9,1,0
BRDA:66,10,0,1
BRDA:66,10,1,0
BRDA:83,11,0,2
BRDA:83,11,1,1
BRF:22
BRH:16
end_of_record
TN:
SF:C:\Users\sushmita_dasari\OneDrive\Desktop\dex-amm\contracts\MockERC20.sol
FN:7,constructor
FN:11,mint
FNF:2
FNH:2
FNDA:162,constructor
FNDA:56,mint
DA:8,162
DA:12,56
LF:2
LH:2
BRF:0
BRH:0
end_of_record
